<?xml version="1.0" encoding="UTF-8"?>
<TestRun id="44c7cda4-5f9a-4215-b3b1-ef632e0fdf78" name="ahans@DLUDOTNETLAB11 2014-03-28 15:10:57" runUser="SAPIENT\ahans" xmlns="http://microsoft.com/schemas/VisualStudio/TeamTest/2010">
  <TestSettings name="Local" id="1d8e7d6a-b1d4-4bee-bb22-b457cd09af5e">
    <Description>These are default test settings for a local test run.</Description>
    <Deployment enabled="false" runDeploymentRoot="ahans_DLUDOTNETLAB11 2014-03-28 15_10_57">
      <DeploymentItem filename="C:\Users\ahans\Desktop\DataAccessLayer\DataAccessLayer\bin\Debug\DataAccessLayer.dll" />
    </Deployment>
    <Execution>
      <TestTypeSpecific />
      <AgentRule name="Execution Agents">
      </AgentRule>
    </Execution>
  </TestSettings>
  <Times creation="2014-03-28T15:10:57.6937170+05:30" queuing="2014-03-28T15:10:57.7417218+05:30" start="2014-03-28T15:10:57.7597236+05:30" finish="2014-03-28T15:10:58.2597736+05:30" />
  <ResultSummary outcome="Completed">
    <Counters total="1" executed="1" passed="1" error="0" failed="0" timeout="0" aborted="0" inconclusive="0" passedButRunAborted="0" notRunnable="0" notExecuted="0" disconnected="0" warning="0" completed="0" inProgress="0" pending="0" />
  </ResultSummary>
  <TestDefinitions>
    <UnitTest name="GetSecurityNameByIDTest1" storage="c:\users\ahans\desktop\dataaccesslayer\testportfolio\bin\debug\testportfolio.dll" id="88a7a2c8-6a84-651b-9534-b4142c1ab5bb">
      <Execution id="d0498760-67a7-4693-bb53-cbc2104e2728" />
      <TestMethod codeBase="C:/Users/ahans/Desktop/DataAccessLayer/TestPortfolio/bin/Debug/TestPortfolio.DLL" adapterTypeName="Microsoft.VisualStudio.TestTools.TestTypes.Unit.UnitTestAdapter, Microsoft.VisualStudio.QualityTools.Tips.UnitTest.Adapter, Version=10.0.0.0, Culture=neutral, PublicKeyToken=b03f5f7f11d50a3a" className="TestPortfolio.PortfolioDALTest, TestPortfolio, Version=1.0.0.0, Culture=neutral, PublicKeyToken=null" name="GetSecurityNameByIDTest1" />
    </UnitTest>
  </TestDefinitions>
  <TestLists>
    <TestList name="Results Not in a List" id="8c84fa94-04c1-424b-9868-57a2d4851a1d" />
    <TestList name="All Loaded Results" id="19431567-8539-422a-85d7-44ee4e166bda" />
  </TestLists>
  <TestEntries>
    <TestEntry testId="88a7a2c8-6a84-651b-9534-b4142c1ab5bb" executionId="d0498760-67a7-4693-bb53-cbc2104e2728" testListId="8c84fa94-04c1-424b-9868-57a2d4851a1d" />
  </TestEntries>
  <Results>
    <UnitTestResult executionId="d0498760-67a7-4693-bb53-cbc2104e2728" testId="88a7a2c8-6a84-651b-9534-b4142c1ab5bb" testName="GetSecurityNameByIDTest1" computerName="DLUDOTNETLAB11" duration="00:00:00.1807585" startTime="2014-03-28T15:10:57.7777254+05:30" endTime="2014-03-28T15:10:58.1367613+05:30" testType="13cdc9d9-ddb5-4fa4-a97d-d965ccfc6d4b" outcome="Passed" testListId="8c84fa94-04c1-424b-9868-57a2d4851a1d" relativeResultsDirectory="d0498760-67a7-4693-bb53-cbc2104e2728">
    </UnitTestResult>
  </Results>
</TestRun>