<?xml version="1.0" encoding="UTF-8"?>
<TestRun id="68fecccd-08e2-4a09-8285-fb7fa76880a1" name="ahans@DLUDOTNETLAB11 2014-03-28 15:24:49" runUser="SAPIENT\ahans" xmlns="http://microsoft.com/schemas/VisualStudio/TeamTest/2010">
  <TestSettings name="Local" id="1d8e7d6a-b1d4-4bee-bb22-b457cd09af5e">
    <Description>These are default test settings for a local test run.</Description>
    <Deployment enabled="false" runDeploymentRoot="ahans_DLUDOTNETLAB11 2014-03-28 15_24_49">
      <DeploymentItem filename="C:\Users\ahans\Desktop\DataAccessLayer\DataAccessLayer\bin\Debug\DataAccessLayer.dll" />
    </Deployment>
    <Execution>
      <TestTypeSpecific />
      <AgentRule name="Execution Agents">
      </AgentRule>
    </Execution>
  </TestSettings>
  <Times creation="2014-03-28T15:24:49.8559249+05:30" queuing="2014-03-28T15:24:49.9059299+05:30" start="2014-03-28T15:24:49.9329326+05:30" finish="2014-03-28T15:24:50.6039997+05:30" />
  <ResultSummary outcome="Failed">
    <Counters total="17" executed="17" passed="7" error="0" failed="5" timeout="0" aborted="0" inconclusive="5" passedButRunAborted="0" notRunnable="0" notExecuted="0" disconnected="0" warning="0" completed="0" inProgress="0" pending="0" />
  </ResultSummary>
  <TestDefinitions>
    <UnitTest name="GetSecurityNameByIDTest" storage="c:\users\ahans\desktop\dataaccesslayer\testportfolio\bin\debug\testportfolio.dll" id="e83d32c8-2424-d3dc-1816-43051dc58f65">
      <Execution id="713c0cdf-e2f9-4d0a-9a3d-e2581c16d8b7" />
      <TestMethod codeBase="C:/Users/ahans/Desktop/DataAccessLayer/TestPortfolio/bin/Debug/TestPortfolio.DLL" adapterTypeName="Microsoft.VisualStudio.TestTools.TestTypes.Unit.UnitTestAdapter, Microsoft.VisualStudio.QualityTools.Tips.UnitTest.Adapter, Version=10.0.0.0, Culture=neutral, PublicKeyToken=b03f5f7f11d50a3a" className="TestPortfolio.PortfolioDALTest, TestPortfolio, Version=1.0.0.0, Culture=neutral, PublicKeyToken=null" name="GetSecurityNameByIDTest" />
    </UnitTest>
    <UnitTest name="GetSecurityNameByIDTest1" storage="c:\users\ahans\desktop\dataaccesslayer\testportfolio\bin\debug\testportfolio.dll" id="88a7a2c8-6a84-651b-9534-b4142c1ab5bb">
      <Execution id="ab90746c-2d2e-4969-b0c1-8b90b70f3276" />
      <TestMethod codeBase="C:/Users/ahans/Desktop/DataAccessLayer/TestPortfolio/bin/Debug/TestPortfolio.DLL" adapterTypeName="Microsoft.VisualStudio.TestTools.TestTypes.Unit.UnitTestAdapter, Microsoft.VisualStudio.QualityTools.Tips.UnitTest.Adapter, Version=10.0.0.0, Culture=neutral, PublicKeyToken=b03f5f7f11d50a3a" className="TestPortfolio.PortfolioDALTest, TestPortfolio, Version=1.0.0.0, Culture=neutral, PublicKeyToken=null" name="GetSecurityNameByIDTest1" />
    </UnitTest>
    <UnitTest name="GetAllOrdersTest" storage="c:\users\ahans\desktop\dataaccesslayer\testportfolio\bin\debug\testportfolio.dll" id="46349237-52c5-df9e-a369-b9d1ffa9bca5">
      <Execution id="c239a93e-3f87-4bf4-8bba-10aa89d8962a" />
      <TestMethod codeBase="C:/Users/ahans/Desktop/DataAccessLayer/TestPortfolio/bin/Debug/TestPortfolio.DLL" adapterTypeName="Microsoft.VisualStudio.TestTools.TestTypes.Unit.UnitTestAdapter, Microsoft.VisualStudio.QualityTools.Tips.UnitTest.Adapter, Version=10.0.0.0, Culture=neutral, PublicKeyToken=b03f5f7f11d50a3a" className="TestPortfolio.PortfolioDALTest, TestPortfolio, Version=1.0.0.0, Culture=neutral, PublicKeyToken=null" name="GetAllOrdersTest" />
    </UnitTest>
    <UnitTest name="GetClientByIDTest" storage="c:\users\ahans\desktop\dataaccesslayer\testportfolio\bin\debug\testportfolio.dll" id="5c69526e-c64e-fbbf-93df-9cab5f290c3d">
      <Execution id="454aefaf-f685-4868-9bef-10509499318f" />
      <TestMethod codeBase="C:/Users/ahans/Desktop/DataAccessLayer/TestPortfolio/bin/Debug/TestPortfolio.DLL" adapterTypeName="Microsoft.VisualStudio.TestTools.TestTypes.Unit.UnitTestAdapter, Microsoft.VisualStudio.QualityTools.Tips.UnitTest.Adapter, Version=10.0.0.0, Culture=neutral, PublicKeyToken=b03f5f7f11d50a3a" className="TestPortfolio.PortfolioDALTest, TestPortfolio, Version=1.0.0.0, Culture=neutral, PublicKeyToken=null" name="GetClientByIDTest" />
    </UnitTest>
    <UnitTest name="GetAllSecuritiesTest" storage="c:\users\ahans\desktop\dataaccesslayer\testportfolio\bin\debug\testportfolio.dll" id="16fea1bc-77dd-18f9-c382-0fa9e25b17d5">
      <Execution id="af027f00-4861-49ca-b512-c87e26880c0e" />
      <TestMethod codeBase="C:/Users/ahans/Desktop/DataAccessLayer/TestPortfolio/bin/Debug/TestPortfolio.DLL" adapterTypeName="Microsoft.VisualStudio.TestTools.TestTypes.Unit.UnitTestAdapter, Microsoft.VisualStudio.QualityTools.Tips.UnitTest.Adapter, Version=10.0.0.0, Culture=neutral, PublicKeyToken=b03f5f7f11d50a3a" className="TestPortfolio.PortfolioDALTest, TestPortfolio, Version=1.0.0.0, Culture=neutral, PublicKeyToken=null" name="GetAllSecuritiesTest" />
    </UnitTest>
    <UnitTest name="GetStatusNameByIDTest1" storage="c:\users\ahans\desktop\dataaccesslayer\testportfolio\bin\debug\testportfolio.dll" id="532bd635-fb23-4f17-7953-f513d34e899a">
      <Execution id="469ccf86-e714-4f24-a17a-82c0f2f3d257" />
      <TestMethod codeBase="C:/Users/ahans/Desktop/DataAccessLayer/TestPortfolio/bin/Debug/TestPortfolio.DLL" adapterTypeName="Microsoft.VisualStudio.TestTools.TestTypes.Unit.UnitTestAdapter, Microsoft.VisualStudio.QualityTools.Tips.UnitTest.Adapter, Version=10.0.0.0, Culture=neutral, PublicKeyToken=b03f5f7f11d50a3a" className="TestPortfolio.PortfolioDALTest, TestPortfolio, Version=1.0.0.0, Culture=neutral, PublicKeyToken=null" name="GetStatusNameByIDTest1" />
    </UnitTest>
    <UnitTest name="GetPortfolioNameByIDTest1" storage="c:\users\ahans\desktop\dataaccesslayer\testportfolio\bin\debug\testportfolio.dll" id="610f8de5-afee-ff98-ad9c-2aed83158209">
      <Execution id="e60647df-4a8c-433c-abdb-9ce66e981ee5" />
      <TestMethod codeBase="C:/Users/ahans/Desktop/DataAccessLayer/TestPortfolio/bin/Debug/TestPortfolio.DLL" adapterTypeName="Microsoft.VisualStudio.TestTools.TestTypes.Unit.UnitTestAdapter, Microsoft.VisualStudio.QualityTools.Tips.UnitTest.Adapter, Version=10.0.0.0, Culture=neutral, PublicKeyToken=b03f5f7f11d50a3a" className="TestPortfolio.PortfolioDALTest, TestPortfolio, Version=1.0.0.0, Culture=neutral, PublicKeyToken=null" name="GetPortfolioNameByIDTest1" />
    </UnitTest>
    <UnitTest name="GetPortfolioByIDTest" storage="c:\users\ahans\desktop\dataaccesslayer\testportfolio\bin\debug\testportfolio.dll" id="705dfc40-81be-6571-ca82-4fef62591d17">
      <Execution id="c6767d56-f732-4a07-94b8-304896123d08" />
      <TestMethod codeBase="C:/Users/ahans/Desktop/DataAccessLayer/TestPortfolio/bin/Debug/TestPortfolio.DLL" adapterTypeName="Microsoft.VisualStudio.TestTools.TestTypes.Unit.UnitTestAdapter, Microsoft.VisualStudio.QualityTools.Tips.UnitTest.Adapter, Version=10.0.0.0, Culture=neutral, PublicKeyToken=b03f5f7f11d50a3a" className="TestPortfolio.PortfolioDALTest, TestPortfolio, Version=1.0.0.0, Culture=neutral, PublicKeyToken=null" name="GetPortfolioByIDTest" />
    </UnitTest>
    <UnitTest name="GetOrderByIDTest" storage="c:\users\ahans\desktop\dataaccesslayer\testportfolio\bin\debug\testportfolio.dll" id="c03a139b-a29c-d9ca-b79c-01c6c08a4739">
      <Execution id="ce61c348-0b61-435e-8ace-f4409672d2f7" />
      <TestMethod codeBase="C:/Users/ahans/Desktop/DataAccessLayer/TestPortfolio/bin/Debug/TestPortfolio.DLL" adapterTypeName="Microsoft.VisualStudio.TestTools.TestTypes.Unit.UnitTestAdapter, Microsoft.VisualStudio.QualityTools.Tips.UnitTest.Adapter, Version=10.0.0.0, Culture=neutral, PublicKeyToken=b03f5f7f11d50a3a" className="TestPortfolio.PortfolioDALTest, TestPortfolio, Version=1.0.0.0, Culture=neutral, PublicKeyToken=null" name="GetOrderByIDTest" />
    </UnitTest>
    <UnitTest name="DeleteOrderTest" storage="c:\users\ahans\desktop\dataaccesslayer\testportfolio\bin\debug\testportfolio.dll" id="c0a5455f-ae0b-0bca-976d-15db9a38057c">
      <Execution id="a9e8e906-a783-47d2-a7e5-4c5b0727b3f3" />
      <TestMethod codeBase="C:/Users/ahans/Desktop/DataAccessLayer/TestPortfolio/bin/Debug/TestPortfolio.DLL" adapterTypeName="Microsoft.VisualStudio.TestTools.TestTypes.Unit.UnitTestAdapter, Microsoft.VisualStudio.QualityTools.Tips.UnitTest.Adapter, Version=10.0.0.0, Culture=neutral, PublicKeyToken=b03f5f7f11d50a3a" className="TestPortfolio.PortfolioDALTest, TestPortfolio, Version=1.0.0.0, Culture=neutral, PublicKeyToken=null" name="DeleteOrderTest" />
    </UnitTest>
    <UnitTest name="UpdateOrderTest" storage="c:\users\ahans\desktop\dataaccesslayer\testportfolio\bin\debug\testportfolio.dll" id="59ba269d-96bd-39d4-f297-0bdc0659566b">
      <Execution id="85af7e89-a238-491d-b268-783ca39eb827" />
      <TestMethod codeBase="C:/Users/ahans/Desktop/DataAccessLayer/TestPortfolio/bin/Debug/TestPortfolio.DLL" adapterTypeName="Microsoft.VisualStudio.TestTools.TestTypes.Unit.UnitTestAdapter, Microsoft.VisualStudio.QualityTools.Tips.UnitTest.Adapter, Version=10.0.0.0, Culture=neutral, PublicKeyToken=b03f5f7f11d50a3a" className="TestPortfolio.PortfolioDALTest, TestPortfolio, Version=1.0.0.0, Culture=neutral, PublicKeyToken=null" name="UpdateOrderTest" />
    </UnitTest>
    <UnitTest name="GetStatusByIDTest" storage="c:\users\ahans\desktop\dataaccesslayer\testportfolio\bin\debug\testportfolio.dll" id="77c7bd12-e4f5-dcda-084b-14b7265044e6">
      <Execution id="157c24b6-b58b-4279-9b9e-250c7d69dfcf" />
      <TestMethod codeBase="C:/Users/ahans/Desktop/DataAccessLayer/TestPortfolio/bin/Debug/TestPortfolio.DLL" adapterTypeName="Microsoft.VisualStudio.TestTools.TestTypes.Unit.UnitTestAdapter, Microsoft.VisualStudio.QualityTools.Tips.UnitTest.Adapter, Version=10.0.0.0, Culture=neutral, PublicKeyToken=b03f5f7f11d50a3a" className="TestPortfolio.PortfolioDALTest, TestPortfolio, Version=1.0.0.0, Culture=neutral, PublicKeyToken=null" name="GetStatusByIDTest" />
    </UnitTest>
    <UnitTest name="GetStatusNameByIDTest" storage="c:\users\ahans\desktop\dataaccesslayer\testportfolio\bin\debug\testportfolio.dll" id="b5538dba-90b0-d1ef-67a1-3e79c9e68190">
      <Execution id="b0b56211-a3bb-408e-b8da-4a14aa7d5cb2" />
      <TestMethod codeBase="C:/Users/ahans/Desktop/DataAccessLayer/TestPortfolio/bin/Debug/TestPortfolio.DLL" adapterTypeName="Microsoft.VisualStudio.TestTools.TestTypes.Unit.UnitTestAdapter, Microsoft.VisualStudio.QualityTools.Tips.UnitTest.Adapter, Version=10.0.0.0, Culture=neutral, PublicKeyToken=b03f5f7f11d50a3a" className="TestPortfolio.PortfolioDALTest, TestPortfolio, Version=1.0.0.0, Culture=neutral, PublicKeyToken=null" name="GetStatusNameByIDTest" />
    </UnitTest>
    <UnitTest name="InsertOrderTest" storage="c:\users\ahans\desktop\dataaccesslayer\testportfolio\bin\debug\testportfolio.dll" id="529ffe80-9ea8-18de-6813-b2e4ce660e20">
      <Execution id="a20a77d3-b1fc-48cc-9a85-ba03bd3afd12" />
      <TestMethod codeBase="C:/Users/ahans/Desktop/DataAccessLayer/TestPortfolio/bin/Debug/TestPortfolio.DLL" adapterTypeName="Microsoft.VisualStudio.TestTools.TestTypes.Unit.UnitTestAdapter, Microsoft.VisualStudio.QualityTools.Tips.UnitTest.Adapter, Version=10.0.0.0, Culture=neutral, PublicKeyToken=b03f5f7f11d50a3a" className="TestPortfolio.PortfolioDALTest, TestPortfolio, Version=1.0.0.0, Culture=neutral, PublicKeyToken=null" name="InsertOrderTest" />
    </UnitTest>
    <UnitTest name="GetPortfolioNameByIDTest" storage="c:\users\ahans\desktop\dataaccesslayer\testportfolio\bin\debug\testportfolio.dll" id="71f72818-b222-468e-a03b-8cff12d4dd73">
      <Execution id="a5cfc4e5-67f1-462d-9583-27f0ce8c8a91" />
      <TestMethod codeBase="C:/Users/ahans/Desktop/DataAccessLayer/TestPortfolio/bin/Debug/TestPortfolio.DLL" adapterTypeName="Microsoft.VisualStudio.TestTools.TestTypes.Unit.UnitTestAdapter, Microsoft.VisualStudio.QualityTools.Tips.UnitTest.Adapter, Version=10.0.0.0, Culture=neutral, PublicKeyToken=b03f5f7f11d50a3a" className="TestPortfolio.PortfolioDALTest, TestPortfolio, Version=1.0.0.0, Culture=neutral, PublicKeyToken=null" name="GetPortfolioNameByIDTest" />
    </UnitTest>
    <UnitTest name="GetClientNameByIDTest" storage="c:\users\ahans\desktop\dataaccesslayer\testportfolio\bin\debug\testportfolio.dll" id="5ff5278b-ff5e-b1ea-fd2f-80355d69e6f4">
      <Execution id="4e95be22-b3f8-4149-aa25-94b4e2bdf5cf" />
      <TestMethod codeBase="C:/Users/ahans/Desktop/DataAccessLayer/TestPortfolio/bin/Debug/TestPortfolio.DLL" adapterTypeName="Microsoft.VisualStudio.TestTools.TestTypes.Unit.UnitTestAdapter, Microsoft.VisualStudio.QualityTools.Tips.UnitTest.Adapter, Version=10.0.0.0, Culture=neutral, PublicKeyToken=b03f5f7f11d50a3a" className="TestPortfolio.PortfolioDALTest, TestPortfolio, Version=1.0.0.0, Culture=neutral, PublicKeyToken=null" name="GetClientNameByIDTest" />
    </UnitTest>
    <UnitTest name="GetSecurityByIDTest" storage="c:\users\ahans\desktop\dataaccesslayer\testportfolio\bin\debug\testportfolio.dll" id="37c80459-83f7-119b-5a58-56a6145799ae">
      <Execution id="0f43f089-6032-4b3e-a125-0552557c3f09" />
      <TestMethod codeBase="C:/Users/ahans/Desktop/DataAccessLayer/TestPortfolio/bin/Debug/TestPortfolio.DLL" adapterTypeName="Microsoft.VisualStudio.TestTools.TestTypes.Unit.UnitTestAdapter, Microsoft.VisualStudio.QualityTools.Tips.UnitTest.Adapter, Version=10.0.0.0, Culture=neutral, PublicKeyToken=b03f5f7f11d50a3a" className="TestPortfolio.PortfolioDALTest, TestPortfolio, Version=1.0.0.0, Culture=neutral, PublicKeyToken=null" name="GetSecurityByIDTest" />
    </UnitTest>
  </TestDefinitions>
  <TestLists>
    <TestList name="Results Not in a List" id="8c84fa94-04c1-424b-9868-57a2d4851a1d" />
    <TestList name="All Loaded Results" id="19431567-8539-422a-85d7-44ee4e166bda" />
  </TestLists>
  <TestEntries>
    <TestEntry testId="16fea1bc-77dd-18f9-c382-0fa9e25b17d5" executionId="af027f00-4861-49ca-b512-c87e26880c0e" testListId="8c84fa94-04c1-424b-9868-57a2d4851a1d" />
    <TestEntry testId="37c80459-83f7-119b-5a58-56a6145799ae" executionId="0f43f089-6032-4b3e-a125-0552557c3f09" testListId="8c84fa94-04c1-424b-9868-57a2d4851a1d" />
    <TestEntry testId="46349237-52c5-df9e-a369-b9d1ffa9bca5" executionId="c239a93e-3f87-4bf4-8bba-10aa89d8962a" testListId="8c84fa94-04c1-424b-9868-57a2d4851a1d" />
    <TestEntry testId="529ffe80-9ea8-18de-6813-b2e4ce660e20" executionId="a20a77d3-b1fc-48cc-9a85-ba03bd3afd12" testListId="8c84fa94-04c1-424b-9868-57a2d4851a1d" />
    <TestEntry testId="532bd635-fb23-4f17-7953-f513d34e899a" executionId="469ccf86-e714-4f24-a17a-82c0f2f3d257" testListId="8c84fa94-04c1-424b-9868-57a2d4851a1d" />
    <TestEntry testId="59ba269d-96bd-39d4-f297-0bdc0659566b" executionId="85af7e89-a238-491d-b268-783ca39eb827" testListId="8c84fa94-04c1-424b-9868-57a2d4851a1d" />
    <TestEntry testId="5c69526e-c64e-fbbf-93df-9cab5f290c3d" executionId="454aefaf-f685-4868-9bef-10509499318f" testListId="8c84fa94-04c1-424b-9868-57a2d4851a1d" />
    <TestEntry testId="5ff5278b-ff5e-b1ea-fd2f-80355d69e6f4" executionId="4e95be22-b3f8-4149-aa25-94b4e2bdf5cf" testListId="8c84fa94-04c1-424b-9868-57a2d4851a1d" />
    <TestEntry testId="610f8de5-afee-ff98-ad9c-2aed83158209" executionId="e60647df-4a8c-433c-abdb-9ce66e981ee5" testListId="8c84fa94-04c1-424b-9868-57a2d4851a1d" />
    <TestEntry testId="705dfc40-81be-6571-ca82-4fef62591d17" executionId="c6767d56-f732-4a07-94b8-304896123d08" testListId="8c84fa94-04c1-424b-9868-57a2d4851a1d" />
    <TestEntry testId="71f72818-b222-468e-a03b-8cff12d4dd73" executionId="a5cfc4e5-67f1-462d-9583-27f0ce8c8a91" testListId="8c84fa94-04c1-424b-9868-57a2d4851a1d" />
    <TestEntry testId="77c7bd12-e4f5-dcda-084b-14b7265044e6" executionId="157c24b6-b58b-4279-9b9e-250c7d69dfcf" testListId="8c84fa94-04c1-424b-9868-57a2d4851a1d" />
    <TestEntry testId="88a7a2c8-6a84-651b-9534-b4142c1ab5bb" executionId="ab90746c-2d2e-4969-b0c1-8b90b70f3276" testListId="8c84fa94-04c1-424b-9868-57a2d4851a1d" />
    <TestEntry testId="b5538dba-90b0-d1ef-67a1-3e79c9e68190" executionId="b0b56211-a3bb-408e-b8da-4a14aa7d5cb2" testListId="8c84fa94-04c1-424b-9868-57a2d4851a1d" />
    <TestEntry testId="c03a139b-a29c-d9ca-b79c-01c6c08a4739" executionId="ce61c348-0b61-435e-8ace-f4409672d2f7" testListId="8c84fa94-04c1-424b-9868-57a2d4851a1d" />
    <TestEntry testId="c0a5455f-ae0b-0bca-976d-15db9a38057c" executionId="a9e8e906-a783-47d2-a7e5-4c5b0727b3f3" testListId="8c84fa94-04c1-424b-9868-57a2d4851a1d" />
    <TestEntry testId="e83d32c8-2424-d3dc-1816-43051dc58f65" executionId="713c0cdf-e2f9-4d0a-9a3d-e2581c16d8b7" testListId="8c84fa94-04c1-424b-9868-57a2d4851a1d" />
  </TestEntries>
  <Results>
    <UnitTestResult executionId="af027f00-4861-49ca-b512-c87e26880c0e" testId="16fea1bc-77dd-18f9-c382-0fa9e25b17d5" testName="GetAllSecuritiesTest" computerName="DLUDOTNETLAB11" duration="00:00:00.2041040" startTime="2014-03-28T15:24:49.9339327+05:30" endTime="2014-03-28T15:24:50.3139707+05:30" testType="13cdc9d9-ddb5-4fa4-a97d-d965ccfc6d4b" outcome="Failed" testListId="8c84fa94-04c1-424b-9868-57a2d4851a1d" relativeResultsDirectory="af027f00-4861-49ca-b512-c87e26880c0e">
      <Output>
        <ErrorInfo>
          <Message>Assert.AreEqual failed. Expected:&lt;System.Collections.Generic.List`1[DataAccessLayer.Security]&gt;. Actual:&lt;System.Collections.Generic.List`1[DataAccessLayer.Security]&gt;. </Message>
          <StackTrace>   at TestPortfolio.PortfolioDALTest.GetAllSecuritiesTest() in C:\Users\ahans\Desktop\DataAccessLayer\TestPortfolio\PortfolioDALTest.cs:line 108
</StackTrace>
        </ErrorInfo>
      </Output>
    </UnitTestResult>
    <UnitTestResult executionId="0f43f089-6032-4b3e-a125-0552557c3f09" testId="37c80459-83f7-119b-5a58-56a6145799ae" testName="GetSecurityByIDTest" computerName="DLUDOTNETLAB11" duration="00:00:00.0037575" startTime="2014-03-28T15:24:50.3209714+05:30" endTime="2014-03-28T15:24:50.3269720+05:30" testType="13cdc9d9-ddb5-4fa4-a97d-d965ccfc6d4b" outcome="Inconclusive" testListId="8c84fa94-04c1-424b-9868-57a2d4851a1d" relativeResultsDirectory="0f43f089-6032-4b3e-a125-0552557c3f09">
      <Output>
        <ErrorInfo>
          <Message>Assert.Inconclusive failed. Verify the correctness of this test method.</Message>
          <StackTrace>   at TestPortfolio.PortfolioDALTest.GetSecurityByIDTest() in C:\Users\ahans\Desktop\DataAccessLayer\TestPortfolio\PortfolioDALTest.cs:line 223
</StackTrace>
        </ErrorInfo>
      </Output>
    </UnitTestResult>
    <UnitTestResult executionId="c239a93e-3f87-4bf4-8bba-10aa89d8962a" testId="46349237-52c5-df9e-a369-b9d1ffa9bca5" testName="GetAllOrdersTest" computerName="DLUDOTNETLAB11" duration="00:00:00.0321592" startTime="2014-03-28T15:24:50.3289722+05:30" endTime="2014-03-28T15:24:50.3719765+05:30" testType="13cdc9d9-ddb5-4fa4-a97d-d965ccfc6d4b" outcome="Failed" testListId="8c84fa94-04c1-424b-9868-57a2d4851a1d" relativeResultsDirectory="c239a93e-3f87-4bf4-8bba-10aa89d8962a">
      <Output>
        <ErrorInfo>
          <Message>Assert.AreEqual failed. Expected:&lt;(null)&gt;. Actual:&lt;System.Collections.Generic.List`1[DataAccessLayer.Order]&gt;. </Message>
          <StackTrace>   at TestPortfolio.PortfolioDALTest.GetAllOrdersTest() in C:\Users\ahans\Desktop\DataAccessLayer\TestPortfolio\PortfolioDALTest.cs:line 78
</StackTrace>
        </ErrorInfo>
      </Output>
    </UnitTestResult>
    <UnitTestResult executionId="a20a77d3-b1fc-48cc-9a85-ba03bd3afd12" testId="529ffe80-9ea8-18de-6813-b2e4ce660e20" testName="InsertOrderTest" computerName="DLUDOTNETLAB11" duration="00:00:00.0067903" startTime="2014-03-28T15:24:50.3739767+05:30" endTime="2014-03-28T15:24:50.3929786+05:30" testType="13cdc9d9-ddb5-4fa4-a97d-d965ccfc6d4b" outcome="Failed" testListId="8c84fa94-04c1-424b-9868-57a2d4851a1d" relativeResultsDirectory="a20a77d3-b1fc-48cc-9a85-ba03bd3afd12">
      <Output>
        <ErrorInfo>
          <Message>Test method TestPortfolio.PortfolioDALTest.InsertOrderTest threw exception: 
System.ArgumentNullException: Value cannot be null.
Parameter name: entity</Message>
          <StackTrace>    at System.Data.Objects.ObjectContext.AddObject(String entitySetName, Object entity)
   at System.Data.Objects.ObjectSet`1.AddObject(TEntity entity)
   at DataAccessLayer.PortfolioDAL.InsertOrder(Order orderToInsert) in C:\Users\ahans\Desktop\DataAccessLayer\DataAccessLayer\PortfolioDAL.cs:line 51
   at TestPortfolio.PortfolioDALTest.InsertOrderTest() in C:\Users\ahans\Desktop\DataAccessLayer\TestPortfolio\PortfolioDALTest.cs:line 277
</StackTrace>
        </ErrorInfo>
      </Output>
    </UnitTestResult>
    <UnitTestResult executionId="469ccf86-e714-4f24-a17a-82c0f2f3d257" testId="532bd635-fb23-4f17-7953-f513d34e899a" testName="GetStatusNameByIDTest1" computerName="DLUDOTNETLAB11" duration="00:00:00.0044395" startTime="2014-03-28T15:24:50.4159809+05:30" endTime="2014-03-28T15:24:50.4229816+05:30" testType="13cdc9d9-ddb5-4fa4-a97d-d965ccfc6d4b" outcome="Passed" testListId="8c84fa94-04c1-424b-9868-57a2d4851a1d" relativeResultsDirectory="469ccf86-e714-4f24-a17a-82c0f2f3d257">
    </UnitTestResult>
    <UnitTestResult executionId="85af7e89-a238-491d-b268-783ca39eb827" testId="59ba269d-96bd-39d4-f297-0bdc0659566b" testName="UpdateOrderTest" computerName="DLUDOTNETLAB11" duration="00:00:00.0024117" startTime="2014-03-28T15:24:50.4259819+05:30" endTime="2014-03-28T15:24:50.4309824+05:30" testType="13cdc9d9-ddb5-4fa4-a97d-d965ccfc6d4b" outcome="Failed" testListId="8c84fa94-04c1-424b-9868-57a2d4851a1d" relativeResultsDirectory="85af7e89-a238-491d-b268-783ca39eb827">
      <Output>
        <ErrorInfo>
          <Message>Test method TestPortfolio.PortfolioDALTest.UpdateOrderTest threw exception: 
System.ArgumentNullException: Value cannot be null.
Parameter name: entity</Message>
          <StackTrace>    at System.Data.Objects.ObjectContext.AttachTo(String entitySetName, Object entity)
   at System.Data.Objects.ObjectSet`1.Attach(TEntity entity)
   at DataAccessLayer.PortfolioDAL.UpdateOrder(Order orderToUpdate) in C:\Users\ahans\Desktop\DataAccessLayer\DataAccessLayer\PortfolioDAL.cs:line 60
   at TestPortfolio.PortfolioDALTest.UpdateOrderTest() in C:\Users\ahans\Desktop\DataAccessLayer\TestPortfolio\PortfolioDALTest.cs:line 316
</StackTrace>
        </ErrorInfo>
      </Output>
    </UnitTestResult>
    <UnitTestResult executionId="454aefaf-f685-4868-9bef-10509499318f" testId="5c69526e-c64e-fbbf-93df-9cab5f290c3d" testName="GetClientByIDTest" computerName="DLUDOTNETLAB11" duration="00:00:00.0155986" startTime="2014-03-28T15:24:50.4359829+05:30" endTime="2014-03-28T15:24:50.4539847+05:30" testType="13cdc9d9-ddb5-4fa4-a97d-d965ccfc6d4b" outcome="Inconclusive" testListId="8c84fa94-04c1-424b-9868-57a2d4851a1d" relativeResultsDirectory="454aefaf-f685-4868-9bef-10509499318f">
      <Output>
        <ErrorInfo>
          <Message>Assert.Inconclusive failed. Verify the correctness of this test method.</Message>
          <StackTrace>   at TestPortfolio.PortfolioDALTest.GetClientByIDTest() in C:\Users\ahans\Desktop\DataAccessLayer\TestPortfolio\PortfolioDALTest.cs:line 124
</StackTrace>
        </ErrorInfo>
      </Output>
    </UnitTestResult>
    <UnitTestResult executionId="4e95be22-b3f8-4149-aa25-94b4e2bdf5cf" testId="5ff5278b-ff5e-b1ea-fd2f-80355d69e6f4" testName="GetClientNameByIDTest" computerName="DLUDOTNETLAB11" duration="00:00:00.0035868" startTime="2014-03-28T15:24:50.4589852+05:30" endTime="2014-03-28T15:24:50.4639857+05:30" testType="13cdc9d9-ddb5-4fa4-a97d-d965ccfc6d4b" outcome="Passed" testListId="8c84fa94-04c1-424b-9868-57a2d4851a1d" relativeResultsDirectory="4e95be22-b3f8-4149-aa25-94b4e2bdf5cf">
    </UnitTestResult>
    <UnitTestResult executionId="e60647df-4a8c-433c-abdb-9ce66e981ee5" testId="610f8de5-afee-ff98-ad9c-2aed83158209" testName="GetPortfolioNameByIDTest1" computerName="DLUDOTNETLAB11" duration="00:00:00.0039512" startTime="2014-03-28T15:24:50.4669860+05:30" endTime="2014-03-28T15:24:50.4729866+05:30" testType="13cdc9d9-ddb5-4fa4-a97d-d965ccfc6d4b" outcome="Passed" testListId="8c84fa94-04c1-424b-9868-57a2d4851a1d" relativeResultsDirectory="e60647df-4a8c-433c-abdb-9ce66e981ee5">
    </UnitTestResult>
    <UnitTestResult executionId="c6767d56-f732-4a07-94b8-304896123d08" testId="705dfc40-81be-6571-ca82-4fef62591d17" testName="GetPortfolioByIDTest" computerName="DLUDOTNETLAB11" duration="00:00:00.0158601" startTime="2014-03-28T15:24:50.4759869+05:30" endTime="2014-03-28T15:24:50.4939887+05:30" testType="13cdc9d9-ddb5-4fa4-a97d-d965ccfc6d4b" outcome="Inconclusive" testListId="8c84fa94-04c1-424b-9868-57a2d4851a1d" relativeResultsDirectory="c6767d56-f732-4a07-94b8-304896123d08">
      <Output>
        <ErrorInfo>
          <Message>Assert.Inconclusive failed. Verify the correctness of this test method.</Message>
          <StackTrace>   at TestPortfolio.PortfolioDALTest.GetPortfolioByIDTest() in C:\Users\ahans\Desktop\DataAccessLayer\TestPortfolio\PortfolioDALTest.cs:line 181
</StackTrace>
        </ErrorInfo>
      </Output>
    </UnitTestResult>
    <UnitTestResult executionId="a5cfc4e5-67f1-462d-9583-27f0ce8c8a91" testId="71f72818-b222-468e-a03b-8cff12d4dd73" testName="GetPortfolioNameByIDTest" computerName="DLUDOTNETLAB11" duration="00:00:00.0022868" startTime="2014-03-28T15:24:50.4969890+05:30" endTime="2014-03-28T15:24:50.5019895+05:30" testType="13cdc9d9-ddb5-4fa4-a97d-d965ccfc6d4b" outcome="Passed" testListId="8c84fa94-04c1-424b-9868-57a2d4851a1d" relativeResultsDirectory="a5cfc4e5-67f1-462d-9583-27f0ce8c8a91">
    </UnitTestResult>
    <UnitTestResult executionId="157c24b6-b58b-4279-9b9e-250c7d69dfcf" testId="77c7bd12-e4f5-dcda-084b-14b7265044e6" testName="GetStatusByIDTest" computerName="DLUDOTNETLAB11" duration="00:00:00.0138826" startTime="2014-03-28T15:24:50.5099903+05:30" endTime="2014-03-28T15:24:50.5269920+05:30" testType="13cdc9d9-ddb5-4fa4-a97d-d965ccfc6d4b" outcome="Inconclusive" testListId="8c84fa94-04c1-424b-9868-57a2d4851a1d" relativeResultsDirectory="157c24b6-b58b-4279-9b9e-250c7d69dfcf">
      <Output>
        <ErrorInfo>
          <Message>Assert.Inconclusive failed. Verify the correctness of this test method.</Message>
          <StackTrace>   at TestPortfolio.PortfolioDALTest.GetStatusByIDTest() in C:\Users\ahans\Desktop\DataAccessLayer\TestPortfolio\PortfolioDALTest.cs:line 267
</StackTrace>
        </ErrorInfo>
      </Output>
    </UnitTestResult>
    <UnitTestResult executionId="ab90746c-2d2e-4969-b0c1-8b90b70f3276" testId="88a7a2c8-6a84-651b-9534-b4142c1ab5bb" testName="GetSecurityNameByIDTest1" computerName="DLUDOTNETLAB11" duration="00:00:00.0049059" startTime="2014-03-28T15:24:50.5329926+05:30" endTime="2014-03-28T15:24:50.5399933+05:30" testType="13cdc9d9-ddb5-4fa4-a97d-d965ccfc6d4b" outcome="Passed" testListId="8c84fa94-04c1-424b-9868-57a2d4851a1d" relativeResultsDirectory="ab90746c-2d2e-4969-b0c1-8b90b70f3276">
    </UnitTestResult>
    <UnitTestResult executionId="b0b56211-a3bb-408e-b8da-4a14aa7d5cb2" testId="b5538dba-90b0-d1ef-67a1-3e79c9e68190" testName="GetStatusNameByIDTest" computerName="DLUDOTNETLAB11" duration="00:00:00.0019114" startTime="2014-03-28T15:24:50.5419935+05:30" endTime="2014-03-28T15:24:50.5459939+05:30" testType="13cdc9d9-ddb5-4fa4-a97d-d965ccfc6d4b" outcome="Passed" testListId="8c84fa94-04c1-424b-9868-57a2d4851a1d" relativeResultsDirectory="b0b56211-a3bb-408e-b8da-4a14aa7d5cb2">
    </UnitTestResult>
    <UnitTestResult executionId="ce61c348-0b61-435e-8ace-f4409672d2f7" testId="c03a139b-a29c-d9ca-b79c-01c6c08a4739" testName="GetOrderByIDTest" computerName="DLUDOTNETLAB11" duration="00:00:00.0043386" startTime="2014-03-28T15:24:50.5479941+05:30" endTime="2014-03-28T15:24:50.5539947+05:30" testType="13cdc9d9-ddb5-4fa4-a97d-d965ccfc6d4b" outcome="Inconclusive" testListId="8c84fa94-04c1-424b-9868-57a2d4851a1d" relativeResultsDirectory="ce61c348-0b61-435e-8ace-f4409672d2f7">
      <Output>
        <ErrorInfo>
          <Message>Assert.Inconclusive failed. Verify the correctness of this test method.</Message>
          <StackTrace>   at TestPortfolio.PortfolioDALTest.GetOrderByIDTest() in C:\Users\ahans\Desktop\DataAccessLayer\TestPortfolio\PortfolioDALTest.cs:line 166
</StackTrace>
        </ErrorInfo>
      </Output>
    </UnitTestResult>
    <UnitTestResult executionId="a9e8e906-a783-47d2-a7e5-4c5b0727b3f3" testId="c0a5455f-ae0b-0bca-976d-15db9a38057c" testName="DeleteOrderTest" computerName="DLUDOTNETLAB11" duration="00:00:00.0027262" startTime="2014-03-28T15:24:50.5599953+05:30" endTime="2014-03-28T15:24:50.5639957+05:30" testType="13cdc9d9-ddb5-4fa4-a97d-d965ccfc6d4b" outcome="Failed" testListId="8c84fa94-04c1-424b-9868-57a2d4851a1d" relativeResultsDirectory="a9e8e906-a783-47d2-a7e5-4c5b0727b3f3">
      <Output>
        <ErrorInfo>
          <Message>Test method TestPortfolio.PortfolioDALTest.DeleteOrderTest threw exception: 
System.ArgumentNullException: Value cannot be null.
Parameter name: entity</Message>
          <StackTrace>    at System.Data.Objects.ObjectContext.AttachTo(String entitySetName, Object entity)
   at System.Data.Objects.ObjectSet`1.Attach(TEntity entity)
   at DataAccessLayer.PortfolioDAL.DeleteOrder(Order orderToDelete) in C:\Users\ahans\Desktop\DataAccessLayer\DataAccessLayer\PortfolioDAL.cs:line 71
   at TestPortfolio.PortfolioDALTest.DeleteOrderTest() in C:\Users\ahans\Desktop\DataAccessLayer\TestPortfolio\PortfolioDALTest.cs:line 90
</StackTrace>
        </ErrorInfo>
      </Output>
    </UnitTestResult>
    <UnitTestResult executionId="713c0cdf-e2f9-4d0a-9a3d-e2581c16d8b7" testId="e83d32c8-2424-d3dc-1816-43051dc58f65" testName="GetSecurityNameByIDTest" computerName="DLUDOTNETLAB11" duration="00:00:00.0018450" startTime="2014-03-28T15:24:50.5659959+05:30" endTime="2014-03-28T15:24:50.5739967+05:30" testType="13cdc9d9-ddb5-4fa4-a97d-d965ccfc6d4b" outcome="Passed" testListId="8c84fa94-04c1-424b-9868-57a2d4851a1d" relativeResultsDirectory="713c0cdf-e2f9-4d0a-9a3d-e2581c16d8b7">
    </UnitTestResult>
  </Results>
</TestRun>