<?xml version="1.0" encoding="UTF-8"?>
<TestRun id="e05e08de-c540-41dc-9d34-d21669889cbf" name="ahans@DLUDOTNETLAB11 2014-03-28 15:02:35" runUser="SAPIENT\ahans" xmlns="http://microsoft.com/schemas/VisualStudio/TeamTest/2010">
  <TestSettings name="Local" id="1d8e7d6a-b1d4-4bee-bb22-b457cd09af5e">
    <Description>These are default test settings for a local test run.</Description>
    <Deployment enabled="false" runDeploymentRoot="ahans_DLUDOTNETLAB11 2014-03-28 15_02_35">
      <DeploymentItem filename="C:\Users\ahans\Desktop\DataAccessLayer\DataAccessLayer\bin\Debug\DataAccessLayer.dll" />
    </Deployment>
    <Execution>
      <TestTypeSpecific />
      <AgentRule name="Execution Agents">
      </AgentRule>
    </Execution>
  </TestSettings>
  <Times creation="2014-03-28T15:02:35.8795406+05:30" queuing="2014-03-28T15:02:35.9285455+05:30" start="2014-03-28T15:02:35.9345461+05:30" finish="2014-03-28T15:02:36.3925919+05:30" />
  <ResultSummary outcome="Failed">
    <Counters total="1" executed="1" error="0" failed="1" timeout="0" aborted="0" inconclusive="0" passedButRunAborted="0" notRunnable="0" notExecuted="0" disconnected="0" warning="0" passed="0" completed="0" inProgress="0" pending="0" />
  </ResultSummary>
  <TestDefinitions>
    <UnitTest name="GetStatusNameByIDTest" storage="c:\users\ahans\desktop\dataaccesslayer\testportfolio\bin\debug\testportfolio.dll" id="b5538dba-90b0-d1ef-67a1-3e79c9e68190">
      <Execution id="c1f000d3-6937-4467-92e6-2db71c518d29" />
      <TestMethod codeBase="C:/Users/ahans/Desktop/DataAccessLayer/TestPortfolio/bin/Debug/TestPortfolio.DLL" adapterTypeName="Microsoft.VisualStudio.TestTools.TestTypes.Unit.UnitTestAdapter, Microsoft.VisualStudio.QualityTools.Tips.UnitTest.Adapter, Version=10.0.0.0, Culture=neutral, PublicKeyToken=b03f5f7f11d50a3a" className="TestPortfolio.PortfolioDALTest, TestPortfolio, Version=1.0.0.0, Culture=neutral, PublicKeyToken=null" name="GetStatusNameByIDTest" />
    </UnitTest>
  </TestDefinitions>
  <TestLists>
    <TestList name="Results Not in a List" id="8c84fa94-04c1-424b-9868-57a2d4851a1d" />
    <TestList name="All Loaded Results" id="19431567-8539-422a-85d7-44ee4e166bda" />
  </TestLists>
  <TestEntries>
    <TestEntry testId="b5538dba-90b0-d1ef-67a1-3e79c9e68190" executionId="c1f000d3-6937-4467-92e6-2db71c518d29" testListId="8c84fa94-04c1-424b-9868-57a2d4851a1d" />
  </TestEntries>
  <Results>
    <UnitTestResult executionId="c1f000d3-6937-4467-92e6-2db71c518d29" testId="b5538dba-90b0-d1ef-67a1-3e79c9e68190" testName="GetStatusNameByIDTest" computerName="DLUDOTNETLAB11" duration="00:00:00.1893799" startTime="2014-03-28T15:02:35.9945521+05:30" endTime="2014-03-28T15:02:36.3725899+05:30" testType="13cdc9d9-ddb5-4fa4-a97d-d965ccfc6d4b" outcome="Failed" testListId="8c84fa94-04c1-424b-9868-57a2d4851a1d" relativeResultsDirectory="c1f000d3-6937-4467-92e6-2db71c518d29">
      <Output>
        <ErrorInfo>
          <Message>Assert.AreEqual failed. Expected:&lt;&gt;. Actual:&lt;(null)&gt;. </Message>
          <StackTrace>   at TestPortfolio.PortfolioDALTest.GetStatusNameByIDTest() in C:\Users\ahans\Desktop\DataAccessLayer\TestPortfolio\PortfolioDALTest.cs:line 255
</StackTrace>
        </ErrorInfo>
      </Output>
    </UnitTestResult>
  </Results>
</TestRun>