<?xml version="1.0" encoding="UTF-8"?>
<TestRun id="ce3fe796-24c9-4e08-8cd2-dc2ca9a3901e" name="ahans@DLUDOTNETLAB11 2014-03-28 16:28:00" runUser="SAPIENT\ahans" xmlns="http://microsoft.com/schemas/VisualStudio/TeamTest/2010">
  <TestSettings name="Local" id="1d8e7d6a-b1d4-4bee-bb22-b457cd09af5e">
    <Description>These are default test settings for a local test run.</Description>
    <Deployment enabled="false" runDeploymentRoot="ahans_DLUDOTNETLAB11 2014-03-28 16_28_00">
      <DeploymentItem filename="C:\Users\ahans\Desktop\DataAccessLayer\DataAccessLayer\bin\Debug\DataAccessLayer.dll" />
    </Deployment>
    <Execution>
      <TestTypeSpecific />
      <AgentRule name="Execution Agents">
      </AgentRule>
    </Execution>
  </TestSettings>
  <Times creation="2014-03-28T16:28:00.0739088+05:30" queuing="2014-03-28T16:28:00.2229237+05:30" start="2014-03-28T16:28:00.2299244+05:30" finish="2014-03-28T16:28:00.7449759+05:30" />
  <ResultSummary outcome="Completed">
    <Counters total="1" executed="1" passed="1" error="0" failed="0" timeout="0" aborted="0" inconclusive="0" passedButRunAborted="0" notRunnable="0" notExecuted="0" disconnected="0" warning="0" completed="0" inProgress="0" pending="0" />
  </ResultSummary>
  <TestDefinitions>
    <UnitTest name="GetPortfolioByIDTest" storage="c:\users\ahans\desktop\dataaccesslayer\testportfolio\bin\debug\testportfolio.dll" id="705dfc40-81be-6571-ca82-4fef62591d17">
      <Execution id="8bc27fe3-76e3-4ee1-8f79-fe9b1b89da7e" />
      <TestMethod codeBase="C:/Users/ahans/Desktop/DataAccessLayer/TestPortfolio/bin/Debug/TestPortfolio.DLL" adapterTypeName="Microsoft.VisualStudio.TestTools.TestTypes.Unit.UnitTestAdapter, Microsoft.VisualStudio.QualityTools.Tips.UnitTest.Adapter, Version=10.0.0.0, Culture=neutral, PublicKeyToken=b03f5f7f11d50a3a" className="TestPortfolio.PortfolioDALTest, TestPortfolio, Version=1.0.0.0, Culture=neutral, PublicKeyToken=null" name="GetPortfolioByIDTest" />
    </UnitTest>
  </TestDefinitions>
  <TestLists>
    <TestList name="Results Not in a List" id="8c84fa94-04c1-424b-9868-57a2d4851a1d" />
    <TestList name="All Loaded Results" id="19431567-8539-422a-85d7-44ee4e166bda" />
  </TestLists>
  <TestEntries>
    <TestEntry testId="705dfc40-81be-6571-ca82-4fef62591d17" executionId="8bc27fe3-76e3-4ee1-8f79-fe9b1b89da7e" testListId="8c84fa94-04c1-424b-9868-57a2d4851a1d" />
  </TestEntries>
  <Results>
    <UnitTestResult executionId="8bc27fe3-76e3-4ee1-8f79-fe9b1b89da7e" testId="705dfc40-81be-6571-ca82-4fef62591d17" testName="GetPortfolioByIDTest" computerName="DLUDOTNETLAB11" duration="00:00:00.2387239" startTime="2014-03-28T16:28:00.2719286+05:30" endTime="2014-03-28T16:28:00.7149729+05:30" testType="13cdc9d9-ddb5-4fa4-a97d-d965ccfc6d4b" outcome="Passed" testListId="8c84fa94-04c1-424b-9868-57a2d4851a1d" relativeResultsDirectory="8bc27fe3-76e3-4ee1-8f79-fe9b1b89da7e">
    </UnitTestResult>
  </Results>
</TestRun>