<?xml version="1.0" encoding="UTF-8"?>
<TestRun id="282c25fa-2dd3-49bc-9655-29b2ba82fb9f" name="ahans@DLUDOTNETLAB11 2014-03-28 16:31:39" runUser="SAPIENT\ahans" xmlns="http://microsoft.com/schemas/VisualStudio/TeamTest/2010">
  <TestSettings name="Local" id="1d8e7d6a-b1d4-4bee-bb22-b457cd09af5e">
    <Description>These are default test settings for a local test run.</Description>
    <Deployment enabled="false" runDeploymentRoot="ahans_DLUDOTNETLAB11 2014-03-28 16_31_39">
      <DeploymentItem filename="C:\Users\ahans\Desktop\DataAccessLayer\DataAccessLayer\bin\Debug\DataAccessLayer.dll" />
    </Deployment>
    <Execution>
      <TestTypeSpecific />
      <AgentRule name="Execution Agents">
      </AgentRule>
    </Execution>
  </TestSettings>
  <Times creation="2014-03-28T16:31:39.5708563+05:30" queuing="2014-03-28T16:31:39.9008893+05:30" start="2014-03-28T16:31:40.0989091+05:30" finish="2014-03-28T16:31:40.5669559+05:30" />
  <ResultSummary outcome="Completed">
    <Counters total="1" executed="1" passed="1" error="0" failed="0" timeout="0" aborted="0" inconclusive="0" passedButRunAborted="0" notRunnable="0" notExecuted="0" disconnected="0" warning="0" completed="0" inProgress="0" pending="0" />
  </ResultSummary>
  <TestDefinitions>
    <UnitTest name="GetSecurityByIDTest" storage="c:\users\ahans\desktop\dataaccesslayer\testportfolio\bin\debug\testportfolio.dll" id="37c80459-83f7-119b-5a58-56a6145799ae">
      <Execution id="29f1f72c-807a-464d-a8bd-eed396d721cb" />
      <TestMethod codeBase="C:/Users/ahans/Desktop/DataAccessLayer/TestPortfolio/bin/Debug/TestPortfolio.DLL" adapterTypeName="Microsoft.VisualStudio.TestTools.TestTypes.Unit.UnitTestAdapter, Microsoft.VisualStudio.QualityTools.Tips.UnitTest.Adapter, Version=10.0.0.0, Culture=neutral, PublicKeyToken=b03f5f7f11d50a3a" className="TestPortfolio.PortfolioDALTest, TestPortfolio, Version=1.0.0.0, Culture=neutral, PublicKeyToken=null" name="GetSecurityByIDTest" />
    </UnitTest>
  </TestDefinitions>
  <TestLists>
    <TestList name="Results Not in a List" id="8c84fa94-04c1-424b-9868-57a2d4851a1d" />
    <TestList name="All Loaded Results" id="19431567-8539-422a-85d7-44ee4e166bda" />
  </TestLists>
  <TestEntries>
    <TestEntry testId="37c80459-83f7-119b-5a58-56a6145799ae" executionId="29f1f72c-807a-464d-a8bd-eed396d721cb" testListId="8c84fa94-04c1-424b-9868-57a2d4851a1d" />
  </TestEntries>
  <Results>
    <UnitTestResult executionId="29f1f72c-807a-464d-a8bd-eed396d721cb" testId="37c80459-83f7-119b-5a58-56a6145799ae" testName="GetSecurityByIDTest" computerName="DLUDOTNETLAB11" duration="00:00:00.2102805" startTime="2014-03-28T16:31:40.0889081+05:30" endTime="2014-03-28T16:31:40.5139506+05:30" testType="13cdc9d9-ddb5-4fa4-a97d-d965ccfc6d4b" outcome="Passed" testListId="8c84fa94-04c1-424b-9868-57a2d4851a1d" relativeResultsDirectory="29f1f72c-807a-464d-a8bd-eed396d721cb">
    </UnitTestResult>
  </Results>
</TestRun>