<?xml version="1.0" encoding="UTF-8"?>
<TestRun id="fcb5bffa-4576-4284-a037-96422b039c8b" name="ahans@DLUDOTNETLAB11 2014-03-28 15:09:36" runUser="SAPIENT\ahans" xmlns="http://microsoft.com/schemas/VisualStudio/TeamTest/2010">
  <TestSettings name="Local" id="1d8e7d6a-b1d4-4bee-bb22-b457cd09af5e">
    <Description>These are default test settings for a local test run.</Description>
    <Deployment enabled="false" runDeploymentRoot="ahans_DLUDOTNETLAB11 2014-03-28 15_09_36">
      <DeploymentItem filename="C:\Users\ahans\Desktop\DataAccessLayer\DataAccessLayer\bin\Debug\DataAccessLayer.dll" />
    </Deployment>
    <Execution>
      <TestTypeSpecific />
      <AgentRule name="Execution Agents">
      </AgentRule>
    </Execution>
  </TestSettings>
  <Times creation="2014-03-28T15:09:36.4695954+05:30" queuing="2014-03-28T15:09:36.5176002+05:30" start="2014-03-28T15:09:36.5326017+05:30" finish="2014-03-28T15:09:36.8996384+05:30" />
  <ResultSummary outcome="Failed">
    <Counters total="1" executed="1" error="0" failed="1" timeout="0" aborted="0" inconclusive="0" passedButRunAborted="0" notRunnable="0" notExecuted="0" disconnected="0" warning="0" passed="0" completed="0" inProgress="0" pending="0" />
  </ResultSummary>
  <TestDefinitions>
    <UnitTest name="GetStatusNameByIDTest1" storage="c:\users\ahans\desktop\dataaccesslayer\testportfolio\bin\debug\testportfolio.dll" id="532bd635-fb23-4f17-7953-f513d34e899a">
      <Execution id="74db091c-4818-4dc6-9c30-65773914c91f" />
      <TestMethod codeBase="C:/Users/ahans/Desktop/DataAccessLayer/TestPortfolio/bin/Debug/TestPortfolio.DLL" adapterTypeName="Microsoft.VisualStudio.TestTools.TestTypes.Unit.UnitTestAdapter, Microsoft.VisualStudio.QualityTools.Tips.UnitTest.Adapter, Version=10.0.0.0, Culture=neutral, PublicKeyToken=b03f5f7f11d50a3a" className="TestPortfolio.PortfolioDALTest, TestPortfolio, Version=1.0.0.0, Culture=neutral, PublicKeyToken=null" name="GetStatusNameByIDTest1" />
    </UnitTest>
  </TestDefinitions>
  <TestLists>
    <TestList name="Results Not in a List" id="8c84fa94-04c1-424b-9868-57a2d4851a1d" />
    <TestList name="All Loaded Results" id="19431567-8539-422a-85d7-44ee4e166bda" />
  </TestLists>
  <TestEntries>
    <TestEntry testId="532bd635-fb23-4f17-7953-f513d34e899a" executionId="74db091c-4818-4dc6-9c30-65773914c91f" testListId="8c84fa94-04c1-424b-9868-57a2d4851a1d" />
  </TestEntries>
  <Results>
    <UnitTestResult executionId="74db091c-4818-4dc6-9c30-65773914c91f" testId="532bd635-fb23-4f17-7953-f513d34e899a" testName="GetStatusNameByIDTest1" computerName="DLUDOTNETLAB11" duration="00:00:00.1503218" startTime="2014-03-28T15:09:36.5596044+05:30" endTime="2014-03-28T15:09:36.8796364+05:30" testType="13cdc9d9-ddb5-4fa4-a97d-d965ccfc6d4b" outcome="Failed" testListId="8c84fa94-04c1-424b-9868-57a2d4851a1d" relativeResultsDirectory="74db091c-4818-4dc6-9c30-65773914c91f">
      <Output>
        <ErrorInfo>
          <Message>Assert.AreEqual failed. Expected:&lt;NEW&gt;. Actual:&lt;OPEN&gt;. </Message>
          <StackTrace>   at TestPortfolio.PortfolioDALTest.GetStatusNameByIDTest1() in C:\Users\ahans\Desktop\DataAccessLayer\TestPortfolio\PortfolioDALTest.cs:line 267
</StackTrace>
        </ErrorInfo>
      </Output>
    </UnitTestResult>
  </Results>
</TestRun>