<?xml version="1.0" encoding="UTF-8"?>
<TestRun id="34c2e437-ec06-4ca1-ba59-63956ba543a8" name="ahans@DLUDOTNETLAB11 2014-03-28 15:59:21" runUser="SAPIENT\ahans" xmlns="http://microsoft.com/schemas/VisualStudio/TeamTest/2010">
  <TestSettings name="Local" id="1d8e7d6a-b1d4-4bee-bb22-b457cd09af5e">
    <Description>These are default test settings for a local test run.</Description>
    <Deployment enabled="false" runDeploymentRoot="ahans_DLUDOTNETLAB11 2014-03-28 15_59_21">
      <DeploymentItem filename="C:\Users\ahans\Desktop\DataAccessLayer\DataAccessLayer\bin\Debug\DataAccessLayer.dll" />
    </Deployment>
    <Execution>
      <TestTypeSpecific />
      <AgentRule name="Execution Agents">
      </AgentRule>
    </Execution>
  </TestSettings>
  <Times creation="2014-03-28T15:59:21.5320718+05:30" queuing="2014-03-28T15:59:21.5900776+05:30" start="2014-03-28T15:59:21.5990785+05:30" finish="2014-03-28T15:59:22.0951281+05:30" />
  <ResultSummary outcome="Failed">
    <Counters total="1" executed="1" error="0" failed="1" timeout="0" aborted="0" inconclusive="0" passedButRunAborted="0" notRunnable="0" notExecuted="0" disconnected="0" warning="0" passed="0" completed="0" inProgress="0" pending="0" />
  </ResultSummary>
  <TestDefinitions>
    <UnitTest name="GetAllSecuritiesTest" storage="c:\users\ahans\desktop\dataaccesslayer\testportfolio\bin\debug\testportfolio.dll" id="16fea1bc-77dd-18f9-c382-0fa9e25b17d5">
      <Execution id="803f1baf-66d5-4325-a7de-cef6b1b190b4" />
      <TestMethod codeBase="C:/Users/ahans/Desktop/DataAccessLayer/TestPortfolio/bin/Debug/TestPortfolio.DLL" adapterTypeName="Microsoft.VisualStudio.TestTools.TestTypes.Unit.UnitTestAdapter, Microsoft.VisualStudio.QualityTools.Tips.UnitTest.Adapter, Version=10.0.0.0, Culture=neutral, PublicKeyToken=b03f5f7f11d50a3a" className="TestPortfolio.PortfolioDALTest, TestPortfolio, Version=1.0.0.0, Culture=neutral, PublicKeyToken=null" name="GetAllSecuritiesTest" />
    </UnitTest>
  </TestDefinitions>
  <TestLists>
    <TestList name="Results Not in a List" id="8c84fa94-04c1-424b-9868-57a2d4851a1d" />
    <TestList name="All Loaded Results" id="19431567-8539-422a-85d7-44ee4e166bda" />
  </TestLists>
  <TestEntries>
    <TestEntry testId="16fea1bc-77dd-18f9-c382-0fa9e25b17d5" executionId="803f1baf-66d5-4325-a7de-cef6b1b190b4" testListId="8c84fa94-04c1-424b-9868-57a2d4851a1d" />
  </TestEntries>
  <Results>
    <UnitTestResult executionId="803f1baf-66d5-4325-a7de-cef6b1b190b4" testId="16fea1bc-77dd-18f9-c382-0fa9e25b17d5" testName="GetAllSecuritiesTest" computerName="DLUDOTNETLAB11" duration="00:00:00.2380956" startTime="2014-03-28T15:59:21.6210807+05:30" endTime="2014-03-28T15:59:22.0721258+05:30" testType="13cdc9d9-ddb5-4fa4-a97d-d965ccfc6d4b" outcome="Failed" testListId="8c84fa94-04c1-424b-9868-57a2d4851a1d" relativeResultsDirectory="803f1baf-66d5-4325-a7de-cef6b1b190b4">
      <Output>
        <ErrorInfo>
          <Message>Assert.AreEqual failed. Expected:&lt;NASDAQ (System.String)&gt;. Actual:&lt;System.Collections.Generic.List`1[DataAccessLayer.Security] (System.Collections.Generic.List`1[[DataAccessLayer.Security, DataAccessLayer, Version=1.0.0.0, Culture=neutral, PublicKeyToken=null]])&gt;. NASDAQ</Message>
          <StackTrace>   at TestPortfolio.PortfolioDALTest.GetAllSecuritiesTest() in C:\Users\ahans\Desktop\DataAccessLayer\TestPortfolio\PortfolioDALTest.cs:line 113
</StackTrace>
        </ErrorInfo>
      </Output>
    </UnitTestResult>
  </Results>
</TestRun>