<?xml version="1.0" encoding="UTF-8"?>
<TestRun id="1e22877c-02a9-4cf4-a642-561970b1155c" name="ahans@DLUDOTNETLAB11 2014-03-28 16:29:33" runUser="SAPIENT\ahans" xmlns="http://microsoft.com/schemas/VisualStudio/TeamTest/2010">
  <TestSettings name="Local" id="1d8e7d6a-b1d4-4bee-bb22-b457cd09af5e">
    <Description>These are default test settings for a local test run.</Description>
    <Deployment enabled="false" runDeploymentRoot="ahans_DLUDOTNETLAB11 2014-03-28 16_29_33">
      <DeploymentItem filename="C:\Users\ahans\Desktop\DataAccessLayer\DataAccessLayer\bin\Debug\DataAccessLayer.dll" />
    </Deployment>
    <Execution>
      <TestTypeSpecific />
      <AgentRule name="Execution Agents">
      </AgentRule>
    </Execution>
  </TestSettings>
  <Times creation="2014-03-28T16:29:33.5182523+05:30" queuing="2014-03-28T16:29:33.6712676+05:30" start="2014-03-28T16:29:33.6912696+05:30" finish="2014-03-28T16:29:34.0993104+05:30" />
  <ResultSummary outcome="Completed">
    <Counters total="1" executed="1" passed="1" error="0" failed="0" timeout="0" aborted="0" inconclusive="0" passedButRunAborted="0" notRunnable="0" notExecuted="0" disconnected="0" warning="0" completed="0" inProgress="0" pending="0" />
  </ResultSummary>
  <TestDefinitions>
    <UnitTest name="GetPortfolioByIDTest1" storage="c:\users\ahans\desktop\dataaccesslayer\testportfolio\bin\debug\testportfolio.dll" id="d5c682bb-9a14-6b90-5b93-9d9dc8534968">
      <Execution id="a3c3f57b-0238-4c0e-b35b-4be6d7760d78" />
      <TestMethod codeBase="C:/Users/ahans/Desktop/DataAccessLayer/TestPortfolio/bin/Debug/TestPortfolio.DLL" adapterTypeName="Microsoft.VisualStudio.TestTools.TestTypes.Unit.UnitTestAdapter, Microsoft.VisualStudio.QualityTools.Tips.UnitTest.Adapter, Version=10.0.0.0, Culture=neutral, PublicKeyToken=b03f5f7f11d50a3a" className="TestPortfolio.PortfolioDALTest, TestPortfolio, Version=1.0.0.0, Culture=neutral, PublicKeyToken=null" name="GetPortfolioByIDTest1" />
    </UnitTest>
  </TestDefinitions>
  <TestLists>
    <TestList name="Results Not in a List" id="8c84fa94-04c1-424b-9868-57a2d4851a1d" />
    <TestList name="All Loaded Results" id="19431567-8539-422a-85d7-44ee4e166bda" />
  </TestLists>
  <TestEntries>
    <TestEntry testId="d5c682bb-9a14-6b90-5b93-9d9dc8534968" executionId="a3c3f57b-0238-4c0e-b35b-4be6d7760d78" testListId="8c84fa94-04c1-424b-9868-57a2d4851a1d" />
  </TestEntries>
  <Results>
    <UnitTestResult executionId="a3c3f57b-0238-4c0e-b35b-4be6d7760d78" testId="d5c682bb-9a14-6b90-5b93-9d9dc8534968" testName="GetPortfolioByIDTest1" computerName="DLUDOTNETLAB11" duration="00:00:00.1493555" startTime="2014-03-28T16:29:33.7162721+05:30" endTime="2014-03-28T16:29:34.0693074+05:30" testType="13cdc9d9-ddb5-4fa4-a97d-d965ccfc6d4b" outcome="Passed" testListId="8c84fa94-04c1-424b-9868-57a2d4851a1d" relativeResultsDirectory="a3c3f57b-0238-4c0e-b35b-4be6d7760d78">
    </UnitTestResult>
  </Results>
</TestRun>